27.05.2025 10:23:04 | Guest | Left a review
28.05.2025 9:50:40 | Guest | Entered into the app
28.05.2025 9:51:02 | Guest | Logged in
28.05.2025 9:51:25 | Guest | Left a review
28.05.2025 9:51:28 | Guest | Logged out
28.05.2025 9:51:31 | Guest | Entered into the app
28.05.2025 9:51:39 | Guest | Staff entered into the app
28.05.2025 9:51:42 | Guest | Entered into the app
28.05.2025 9:51:45 | Guest | Entered into the app
28.05.2025 9:51:57 | Guest | Staff entered into the app
28.05.2025 9:52:02 | Guest | Entered into the app
28.05.2025 9:53:49 | Guest | Entered into the app
28.05.2025 9:59:11 | Guest | Entered into the app
28.05.2025 9:59:50 | Guest | Logged in
28.05.2025 9:59:58 | Guest | Logged out
28.05.2025 10:01:12 | Guest | Entered into the app
02.06.2025 15:50:02 | Guest | Entered into the app
02.06.2025 15:50:48 | Guest | Entered into the app
02.06.2025 15:51:06 | Guest | Logged in
02.06.2025 15:51:25 | Guest | Logged out
02.06.2025 15:51:30 | Guest | Entered into the app
02.06.2025 15:51:35 | Guest | Entered into the app
02.06.2025 15:51:37 | Guest | Entered into the app
02.06.2025 15:51:39 | Guest | Entered into the app
02.06.2025 15:52:02 | Guest | Entered into the app
02.06.2025 16:05:46 | Guest | Entered into the app
02.06.2025 16:07:08 | Guest | Entered into the app
02.06.2025 16:07:28 | Guest | Logged in
02.06.2025 16:07:35 | Guest | Logged out
02.06.2025 16:16:03 | Guest | Entered into the app
02.06.2025 16:16:09 | Guest | Visited our website
02.06.2025 16:16:29 | Guest | Entered into the app
02.06.2025 16:16:34 | Guest | Visited our website
02.06.2025 16:16:56 | Guest | Logged in
02.06.2025 16:16:59 | Guest | Visited our website
04.06.2025 20:13:49 | Guest | Entered into the app
04.06.2025 20:13:58 | Guest | Staff entered into the app
04.06.2025 20:16:54 | Guest | Entered into the app
04.06.2025 20:17:02 | Guest | Staff entered into the app
04.06.2025 20:19:32 | Guest | Entered into the app
04.06.2025 20:19:40 | Guest | Staff entered into the app
04.06.2025 20:29:57 | Guest | Entered into the app
04.06.2025 20:30:12 | Guest | Staff entered into the app
04.06.2025 21:25:42 | Guest | Entered into the app
04.06.2025 21:25:53 | Guest | Staff entered into the app
04.06.2025 21:26:47 | Guest | Entered into the app
04.06.2025 21:26:58 | Guest | Staff entered into the app
04.06.2025 21:28:05 | Guest | Entered into the app
04.06.2025 21:28:14 | Guest | Staff entered into the app
04.06.2025 21:58:09 | Guest | Entered into the app
04.06.2025 21:58:26 | Guest | Staff entered into the app
04.06.2025 21:58:46 | Guest | Entered into the app
04.06.2025 22:00:34 | Guest | Entered into the app
04.06.2025 22:00:42 | Guest | Staff entered into the app
04.06.2025 22:01:36 | Guest | Entered into the app
04.06.2025 22:01:48 | Guest | Staff entered into the app
04.06.2025 22:02:28 | Guest | Entered into the app
04.06.2025 22:02:49 | Guest | Staff entered into the app
04.06.2025 22:06:48 | Guest | Entered into the app
04.06.2025 22:06:55 | Guest | Staff entered into the app
04.06.2025 22:15:10 | Guest | Entered into the app
04.06.2025 22:15:18 | Guest | Staff entered into the app
04.06.2025 22:22:00 | Guest | Entered into the app
04.06.2025 22:22:08 | Guest | Staff entered into the app
04.06.2025 22:24:46 | Guest | Entered into the app
04.06.2025 22:25:02 | Guest | Staff entered into the app
04.06.2025 22:27:44 | Guest | Entered into the app
04.06.2025 22:37:05 | Guest | Entered into the app
04.06.2025 22:37:35 | Guest | Entered into the app
04.06.2025 22:39:08 | Guest | Entered into the app
04.06.2025 22:40:20 | Guest | Entered into the app
04.06.2025 22:42:07 | Guest | Entered into the app
04.06.2025 22:43:21 | Guest | Entered into the app
04.06.2025 22:44:38 | Guest | Entered into the app
04.06.2025 22:44:47 | Guest | Entered into the app
04.06.2025 22:45:57 | Guest | Entered into the app
04.06.2025 22:46:05 | Guest | Entered into the app
04.06.2025 22:49:49 | Guest | Entered into the app
05.06.2025 8:32:39 | Guest | Entered into the app
05.06.2025 8:33:02 | Guest | Staff entered into the app
05.06.2025 8:34:14 | Guest | Entered into the app
05.06.2025 8:34:21 | Guest | Visited our website
05.06.2025 8:37:18 | Guest | Visited our website
05.06.2025 8:37:39 | Guest | Entered into the app
05.06.2025 8:58:42 | Guest | Entered into the app
05.06.2025 8:59:25 | Guest | Staff entered into the app
05.06.2025 9:00:47 | Guest | Entered into the app
